<?xml version="1.0" encoding="utf-8"?>
<!-- $Id: test-math-mathml.xml 13565 2012-12-07 22:28:42Z maloneyc $ -->
<!--
  This work is in the public domain and may be reproduced, published or
  otherwise used without the permission of the National Library of Medicine (NLM).

  We request only that the NLM is cited as the source of the work.

  Although all reasonable efforts have been taken to ensure the accuracy and
  reliability of the software and data, the NLM and the U.S. Government  do
  not and cannot warrant the performance or results that may be obtained  by
  using this software or data. The NLM and the U.S. Government disclaim all
  warranties, express or implied, including warranties of performance,
  merchantability or fitness for any particular purpose.
-->

<t:test xmlns:t="http://www.ncbi.nlm.nih.gov/ns/test" xmlns="http://www.w3.org/1999/xhtml">
  <t:title>MathML samples / test page</t:title>

  <t:content>
    <article data-type="main">
      <div class="jrb">
        <div class="t">Journal of Interesting Things</div>
        <div class="p">The Society for Putting Things on Top of Other Things</div>
      </div>
      <header class="fm-sec">
        <h1 class="content-title">MathML samples / test page</h1>
        <p class="contribs">Various outstanding people</p>
      </header>

      <h2>MathML</h2>
      <section>
        <h3>Simple inline equation</h3>
        <p>Some people have been known to claim that <math
            xmlns="http://www.w3.org/1998/Math/MathML">
            <mrow>
              <mfrac>
                <mrow>
                  <mi>x</mi>
                  <mo>+</mo>
                  <msup>
                    <mi>y</mi>
                    <mn>2</mn>
                  </msup>
                </mrow>
                <mrow>
                  <mi>k</mi>
                  <mo>+</mo>
                  <mn>1</mn>
                </mrow>
              </mfrac>
            </mrow>
          </math>, but I remain skeptical. </p>
      </section>

      <section>
        <h3>A formula</h3>
        <p>This formula has a lot to say.</p>
        <div class="disp-formula">
          <math xmlns="http://www.w3.org/1998/Math/MathML">
            <mrow>
              <mo>(</mo>
              <msub>
                <mrow>
                  <mi>k</mi>
                </mrow>
                <mrow>
                  <mn>0</mn>
                </mrow>
              </msub>
              <mo>,</mo>
              <msub>
                <mrow>
                  <mi>k</mi>
                </mrow>
                <mrow>
                  <mn>1</mn>
                </mrow>
              </msub>
              <mo>,</mo>
              <msub>
                <mrow>
                  <mi>k</mi>
                </mrow>
                <mrow>
                  <mn>2</mn>
                </mrow>
              </msub>
              <mo>,</mo>
              <msub>
                <mrow>
                  <mi>k</mi>
                </mrow>
                <mrow>
                  <mn>3</mn>
                </mrow>
              </msub>
              <mo>,</mo>
              <msub>
                <mrow>
                  <mi>k</mi>
                </mrow>
                <mrow>
                  <mn>4</mn>
                </mrow>
              </msub>
              <mo>,</mo>
              <msub>
                <mrow>
                  <mi>k</mi>
                </mrow>
                <mrow>
                  <mn>5</mn>
                </mrow>
              </msub>
              <mo>,</mo>
              <msub>
                <mrow>
                  <mi>k</mi>
                </mrow>
                <mrow>
                  <mn>6</mn>
                </mrow>
              </msub>
              <mo>)</mo>
            </mrow>
            <mo>=</mo>
            <mrow>
              <mo>(</mo>
              <mn>1</mn>
              <mo>,</mo>
              <mn>0</mn>
              <mo>,</mo>
              <mn>0</mn>
              <mo>,</mo>
              <mn>0</mn>
              <mo>,</mo>
              <mn>0</mn>
              <mo>,</mo>
              <mn>0</mn>
              <mo>,</mo>
              <mn>0</mn>
              <mo>)</mo>
            </mrow>
          </math>
        </div>
      </section>

      <section>
        <h3>Another random formula</h3>
        <!-- This sample is from PMC3226351 -->
        <div class="disp-formula">
          <math xmlns="http://www.w3.org/1998/Math/MathML" display="block" overflow="scroll"
            altimg="si594.gif" id="M249">
            <mi>&#x3BC;</mi>
            <mrow>
              <mo>(</mo>
              <mi>T</mi>
              <mo>)</mo>
            </mrow>
            <mo>=</mo>
            <mo>max</mo>
            <mrow>
              <mo>(</mo>
              <mrow>
                <mo>{</mo>
                <mi>&#x3BC;</mi>
                <mrow>
                  <mo>(</mo>
                  <mi>T</mi>
                  <mo>&#x2212;</mo>
                  <mi>r</mi>
                  <mo>)</mo>
                </mrow>
                <mo>}</mo>
              </mrow>
              <mo>&#x222A;</mo>
              <mrow>
                <mo>{</mo>
                <mn>1</mn>
                <mo>+</mo>
                <mi>&#x3BC;</mi>
                <mrow>
                  <mo>(</mo>
                  <msub>
                    <mrow>
                      <mi>T</mi>
                    </mrow>
                    <mrow>
                      <mi>j</mi>
                    </mrow>
                  </msub>
                  <mo>&#x2212;</mo>
                  <msub>
                    <mrow>
                      <mi>r</mi>
                    </mrow>
                    <mrow>
                      <mi>j</mi>
                    </mrow>
                  </msub>
                  <mo>)</mo>
                </mrow>
                <mo>+</mo>
                <munder>
                  <mrow>
                    <mo>&#x2211;</mo>
                  </mrow>
                  <mrow>
                    <mi>i</mi>
                    <mo>&#x2260;</mo>
                    <mi>j</mi>
                  </mrow>
                </munder>
                <mi>&#x3BC;</mi>
                <mrow>
                  <mo>(</mo>
                  <msub>
                    <mrow>
                      <mi>T</mi>
                    </mrow>
                    <mrow>
                      <mi>i</mi>
                    </mrow>
                  </msub>
                  <mo>)</mo>
                </mrow>
                <mo>:</mo>
                <mi>j</mi>
                <mo>&#x2208;</mo>
                <mrow>
                  <mo>{</mo>
                  <mn>1</mn>
                  <mo>,</mo>
                  <mo>&#x2026;</mo>
                  <mo>,</mo>
                  <mi>k</mi>
                  <mo>}</mo>
                </mrow>
                <mo>}</mo>
              </mrow>
              <mo>)</mo>
            </mrow>
            <mtext>,</mtext>
          </math>
        </div>
      </section>

      <section>
        <h3>Ridiculously long and nasty equation</h3>
        <p>This sample is from PMC3226351, and you can see what it looks like in classic PMC (as
          an image) <a href="http://tinyurl.com/9a2sv6f">here</a>, or on the Elsevier site <a
            href="http://www.sciencedirect.com/science/article/pii/S0012365X11003372#p002150"
            >here</a>. </p>
        <div class="disp-formula">
          <math id="M1150" altimg="si1910.gif" display="block" overflow="scroll">
            <mfrac>
              <mrow>
                <mi>m</mi>
                <mrow>
                  <mo>(</mo>
                  <msup>
                    <mrow>
                      <mi>T</mi>
                    </mrow>
                    <mrow>
                      <mo>′</mo>
                    </mrow>
                  </msup>
                  <mo>)</mo>
                </mrow>
              </mrow>
              <mrow>
                <mi>m</mi>
                <mrow>
                  <mo>(</mo>
                  <mi>T</mi>
                  <mo>)</mo>
                </mrow>
              </mrow>
            </mfrac>
            <mo>=</mo>
            <mfrac>
              <mrow>
                <msub>
                  <mrow>
                    <mi>m</mi>
                  </mrow>
                  <mrow>
                    <mn>0</mn>
                  </mrow>
                </msub>
                <mrow>
                  <mo>(</mo>
                  <msup>
                    <mrow>
                      <mi>S</mi>
                    </mrow>
                    <mrow>
                      <mo>′</mo>
                    </mrow>
                  </msup>
                  <mo>)</mo>
                </mrow>
              </mrow>
              <mrow>
                <msub>
                  <mrow>
                    <mi>m</mi>
                  </mrow>
                  <mrow>
                    <mn>0</mn>
                  </mrow>
                </msub>
                <mrow>
                  <mo>(</mo>
                  <mi>S</mi>
                  <mo>)</mo>
                </mrow>
              </mrow>
            </mfrac>
            <mo>⋅</mo>
            <mfrac>
              <mrow>
                <mi>ρ</mi>
                <mrow>
                  <mo>(</mo>
                  <msub>
                    <mrow>
                      <mi>T</mi>
                    </mrow>
                    <mrow>
                      <mn>1</mn>
                    </mrow>
                  </msub>
                  <mo>)</mo>
                </mrow>
                <mo>+</mo>
                <mi>ρ</mi>
                <mrow>
                  <mo>(</mo>
                  <msup>
                    <mrow>
                      <mi>C</mi>
                    </mrow>
                    <mrow>
                      <mrow>
                        <mo>⌊</mo>
                        <mi>k</mi>
                        <mo>/</mo>
                        <mn>2</mn>
                        <mo>⌋</mo>
                      </mrow>
                      <mo>+</mo>
                      <mn>1</mn>
                    </mrow>
                  </msup>
                  <mi>L</mi>
                  <mo>)</mo>
                </mrow>
                <mo>+</mo>
                <mi>ρ</mi>
                <mrow>
                  <mo>(</mo>
                  <msup>
                    <mrow>
                      <mi>C</mi>
                    </mrow>
                    <mrow>
                      <mrow>
                        <mo>⌊</mo>
                        <mrow>
                          <mo>(</mo>
                          <mi>k</mi>
                          <mo>+</mo>
                          <mn>1</mn>
                          <mo>)</mo>
                        </mrow>
                        <mo>/</mo>
                        <mn>2</mn>
                        <mo>⌋</mo>
                      </mrow>
                      <mo>+</mo>
                      <mn>1</mn>
                    </mrow>
                  </msup>
                  <mi>L</mi>
                  <mo>)</mo>
                </mrow>
                <mo>+</mo>
                <mn>1</mn>
              </mrow>
              <mrow>
                <mi>ρ</mi>
                <mrow>
                  <mo>(</mo>
                  <msub>
                    <mrow>
                      <mi>T</mi>
                    </mrow>
                    <mrow>
                      <mn>1</mn>
                    </mrow>
                  </msub>
                  <mo>)</mo>
                </mrow>
                <mo>+</mo>
                <mi>ρ</mi>
                <mrow>
                  <mo>(</mo>
                  <msup>
                    <mrow>
                      <mi>C</mi>
                    </mrow>
                    <mrow>
                      <msub>
                        <mrow>
                          <mi>k</mi>
                        </mrow>
                        <mrow>
                          <mn>0</mn>
                        </mrow>
                      </msub>
                    </mrow>
                  </msup>
                  <mi>F</mi>
                  <mo>)</mo>
                </mrow>
                <mo>+</mo>
                <mi>ρ</mi>
                <mrow>
                  <mo>(</mo>
                  <msup>
                    <mrow>
                      <mi>C</mi>
                    </mrow>
                    <mrow>
                      <msub>
                        <mrow>
                          <mi>k</mi>
                        </mrow>
                        <mrow>
                          <mn>1</mn>
                        </mrow>
                      </msub>
                    </mrow>
                  </msup>
                  <mi>F</mi>
                  <mo>)</mo>
                </mrow>
                <mo>+</mo>
                <mi>ρ</mi>
                <mrow>
                  <mo>(</mo>
                  <msup>
                    <mrow>
                      <mi>C</mi>
                    </mrow>
                    <mrow>
                      <msub>
                        <mrow>
                          <mi>k</mi>
                        </mrow>
                        <mrow>
                          <mn>2</mn>
                        </mrow>
                      </msub>
                    </mrow>
                  </msup>
                  <mi>F</mi>
                  <mo>)</mo>
                </mrow>
              </mrow>
            </mfrac>
            <mo>=</mo>
            <mfrac>
              <mrow>
                <msub>
                  <mrow>
                    <mi>m</mi>
                  </mrow>
                  <mrow>
                    <mn>0</mn>
                  </mrow>
                </msub>
                <mrow>
                  <mo>(</mo>
                  <msup>
                    <mrow>
                      <mi>S</mi>
                    </mrow>
                    <mrow>
                      <mo>′</mo>
                    </mrow>
                  </msup>
                  <mo>)</mo>
                </mrow>
              </mrow>
              <mrow>
                <msub>
                  <mrow>
                    <mi>m</mi>
                  </mrow>
                  <mrow>
                    <mn>0</mn>
                  </mrow>
                </msub>
                <mrow>
                  <mo>(</mo>
                  <mi>S</mi>
                  <mo>)</mo>
                </mrow>
              </mrow>
            </mfrac>
            <mrow>
              <mo>(</mo>
              <mn>1</mn>
              <mo>+</mo>
              <mfrac>
                <mrow>
                  <mi>ρ</mi>
                  <mrow>
                    <mo>(</mo>
                    <msup>
                      <mrow>
                        <mi>C</mi>
                      </mrow>
                      <mrow>
                        <mrow>
                          <mo>⌊</mo>
                          <mi>k</mi>
                          <mo>/</mo>
                          <mn>2</mn>
                          <mo>⌋</mo>
                        </mrow>
                        <mo>+</mo>
                        <mn>1</mn>
                      </mrow>
                    </msup>
                    <mi>L</mi>
                    <mo>)</mo>
                  </mrow>
                  <mo>+</mo>
                  <mi>ρ</mi>
                  <mrow>
                    <mo>(</mo>
                    <msup>
                      <mrow>
                        <mi>C</mi>
                      </mrow>
                      <mrow>
                        <mrow>
                          <mo>⌊</mo>
                          <mrow>
                            <mo>(</mo>
                            <mi>k</mi>
                            <mo>+</mo>
                            <mn>1</mn>
                            <mo>)</mo>
                          </mrow>
                          <mo>/</mo>
                          <mn>2</mn>
                          <mo>⌋</mo>
                        </mrow>
                        <mo>+</mo>
                        <mn>1</mn>
                      </mrow>
                    </msup>
                    <mi>L</mi>
                    <mo>)</mo>
                  </mrow>
                  <mo>+</mo>
                  <mn>1</mn>
                  <mo>−</mo>
                  <mi>ρ</mi>
                  <mrow>
                    <mo>(</mo>
                    <msup>
                      <mrow>
                        <mi>C</mi>
                      </mrow>
                      <mrow>
                        <msub>
                          <mrow>
                            <mi>k</mi>
                          </mrow>
                          <mrow>
                            <mn>0</mn>
                          </mrow>
                        </msub>
                      </mrow>
                    </msup>
                    <mi>F</mi>
                    <mo>)</mo>
                  </mrow>
                  <mo>−</mo>
                  <mi>ρ</mi>
                  <mrow>
                    <mo>(</mo>
                    <msup>
                      <mrow>
                        <mi>C</mi>
                      </mrow>
                      <mrow>
                        <msub>
                          <mrow>
                            <mi>k</mi>
                          </mrow>
                          <mrow>
                            <mn>1</mn>
                          </mrow>
                        </msub>
                      </mrow>
                    </msup>
                    <mi>F</mi>
                    <mo>)</mo>
                  </mrow>
                  <mo>−</mo>
                  <mi>ρ</mi>
                  <mrow>
                    <mo>(</mo>
                    <msup>
                      <mrow>
                        <mi>C</mi>
                      </mrow>
                      <mrow>
                        <msub>
                          <mrow>
                            <mi>k</mi>
                          </mrow>
                          <mrow>
                            <mn>2</mn>
                          </mrow>
                        </msub>
                      </mrow>
                    </msup>
                    <mi>F</mi>
                    <mo>)</mo>
                  </mrow>
                </mrow>
                <mrow>
                  <mi>ρ</mi>
                  <mrow>
                    <mo>(</mo>
                    <msub>
                      <mrow>
                        <mi>T</mi>
                      </mrow>
                      <mrow>
                        <mn>1</mn>
                      </mrow>
                    </msub>
                    <mo>)</mo>
                  </mrow>
                  <mo>+</mo>
                  <mi>ρ</mi>
                  <mrow>
                    <mo>(</mo>
                    <msup>
                      <mrow>
                        <mi>C</mi>
                      </mrow>
                      <mrow>
                        <msub>
                          <mrow>
                            <mi>k</mi>
                          </mrow>
                          <mrow>
                            <mn>0</mn>
                          </mrow>
                        </msub>
                      </mrow>
                    </msup>
                    <mi>F</mi>
                    <mo>)</mo>
                  </mrow>
                  <mo>+</mo>
                  <mi>ρ</mi>
                  <mrow>
                    <mo>(</mo>
                    <msup>
                      <mrow>
                        <mi>C</mi>
                      </mrow>
                      <mrow>
                        <msub>
                          <mrow>
                            <mi>k</mi>
                          </mrow>
                          <mrow>
                            <mn>1</mn>
                          </mrow>
                        </msub>
                      </mrow>
                    </msup>
                    <mi>F</mi>
                    <mo>)</mo>
                  </mrow>
                  <mo>+</mo>
                  <mi>ρ</mi>
                  <mrow>
                    <mo>(</mo>
                    <msup>
                      <mrow>
                        <mi>C</mi>
                      </mrow>
                      <mrow>
                        <msub>
                          <mrow>
                            <mi>k</mi>
                          </mrow>
                          <mrow>
                            <mn>2</mn>
                          </mrow>
                        </msub>
                      </mrow>
                    </msup>
                    <mi>F</mi>
                    <mo>)</mo>
                  </mrow>
                </mrow>
              </mfrac>
              <mo>)</mo>
            </mrow>
            <mo>≥</mo>
            <mfrac>
              <mrow>
                <msub>
                  <mrow>
                    <mi>m</mi>
                  </mrow>
                  <mrow>
                    <mn>0</mn>
                  </mrow>
                </msub>
                <mrow>
                  <mo>(</mo>
                  <msup>
                    <mrow>
                      <mi>S</mi>
                    </mrow>
                    <mrow>
                      <mo>′</mo>
                    </mrow>
                  </msup>
                  <mo>)</mo>
                </mrow>
              </mrow>
              <mrow>
                <msub>
                  <mrow>
                    <mi>m</mi>
                  </mrow>
                  <mrow>
                    <mn>0</mn>
                  </mrow>
                </msub>
                <mrow>
                  <mo>(</mo>
                  <mi>S</mi>
                  <mo>)</mo>
                </mrow>
              </mrow>
            </mfrac>
            <mrow>
              <mo>(</mo>
              <mn>1</mn>
              <mo>+</mo>
              <mfrac>
                <mrow>
                  <mi>ρ</mi>
                  <mrow>
                    <mo>(</mo>
                    <msup>
                      <mrow>
                        <mi>C</mi>
                      </mrow>
                      <mrow>
                        <mrow>
                          <mo>⌊</mo>
                          <mi>k</mi>
                          <mo>/</mo>
                          <mn>2</mn>
                          <mo>⌋</mo>
                        </mrow>
                        <mo>+</mo>
                        <mn>1</mn>
                      </mrow>
                    </msup>
                    <mi>L</mi>
                    <mo>)</mo>
                  </mrow>
                  <mo>+</mo>
                  <mi>ρ</mi>
                  <mrow>
                    <mo>(</mo>
                    <msup>
                      <mrow>
                        <mi>C</mi>
                      </mrow>
                      <mrow>
                        <mrow>
                          <mo>⌊</mo>
                          <mrow>
                            <mo>(</mo>
                            <mi>k</mi>
                            <mo>+</mo>
                            <mn>1</mn>
                            <mo>)</mo>
                          </mrow>
                          <mo>/</mo>
                          <mn>2</mn>
                          <mo>⌋</mo>
                        </mrow>
                        <mo>+</mo>
                        <mn>1</mn>
                      </mrow>
                    </msup>
                    <mi>L</mi>
                    <mo>)</mo>
                  </mrow>
                  <mo>+</mo>
                  <mn>1</mn>
                  <mo>−</mo>
                  <mi>ρ</mi>
                  <mrow>
                    <mo>(</mo>
                    <msup>
                      <mrow>
                        <mi>C</mi>
                      </mrow>
                      <mrow>
                        <msub>
                          <mrow>
                            <mi>k</mi>
                          </mrow>
                          <mrow>
                            <mn>0</mn>
                          </mrow>
                        </msub>
                      </mrow>
                    </msup>
                    <mi>F</mi>
                    <mo>)</mo>
                  </mrow>
                  <mo>−</mo>
                  <mi>ρ</mi>
                  <mrow>
                    <mo>(</mo>
                    <msup>
                      <mrow>
                        <mi>C</mi>
                      </mrow>
                      <mrow>
                        <msub>
                          <mrow>
                            <mi>k</mi>
                          </mrow>
                          <mrow>
                            <mn>1</mn>
                          </mrow>
                        </msub>
                      </mrow>
                    </msup>
                    <mi>F</mi>
                    <mo>)</mo>
                  </mrow>
                  <mo>−</mo>
                  <mi>ρ</mi>
                  <mrow>
                    <mo>(</mo>
                    <msup>
                      <mrow>
                        <mi>C</mi>
                      </mrow>
                      <mrow>
                        <msub>
                          <mrow>
                            <mi>k</mi>
                          </mrow>
                          <mrow>
                            <mn>2</mn>
                          </mrow>
                        </msub>
                      </mrow>
                    </msup>
                    <mi>F</mi>
                    <mo>)</mo>
                  </mrow>
                </mrow>
                <mrow>
                  <msqrt>
                    <mrow>
                      <mn>3</mn>
                    </mrow>
                  </msqrt>
                  <mo>−</mo>
                  <mn>1</mn>
                  <mo>+</mo>
                  <mi>ρ</mi>
                  <mrow>
                    <mo>(</mo>
                    <msup>
                      <mrow>
                        <mi>C</mi>
                      </mrow>
                      <mrow>
                        <msub>
                          <mrow>
                            <mi>k</mi>
                          </mrow>
                          <mrow>
                            <mn>0</mn>
                          </mrow>
                        </msub>
                      </mrow>
                    </msup>
                    <mi>F</mi>
                    <mo>)</mo>
                  </mrow>
                  <mo>+</mo>
                  <mi>ρ</mi>
                  <mrow>
                    <mo>(</mo>
                    <msup>
                      <mrow>
                        <mi>C</mi>
                      </mrow>
                      <mrow>
                        <msub>
                          <mrow>
                            <mi>k</mi>
                          </mrow>
                          <mrow>
                            <mn>1</mn>
                          </mrow>
                        </msub>
                      </mrow>
                    </msup>
                    <mi>F</mi>
                    <mo>)</mo>
                  </mrow>
                  <mo>+</mo>
                  <mi>ρ</mi>
                  <mrow>
                    <mo>(</mo>
                    <msup>
                      <mrow>
                        <mi>C</mi>
                      </mrow>
                      <mrow>
                        <msub>
                          <mrow>
                            <mi>k</mi>
                          </mrow>
                          <mrow>
                            <mn>2</mn>
                          </mrow>
                        </msub>
                      </mrow>
                    </msup>
                    <mi>F</mi>
                    <mo>)</mo>
                  </mrow>
                </mrow>
              </mfrac>
              <mo>)</mo>
            </mrow>
          </math>
        </div>
      </section>

      <section>
        <h3>Another absurdly long equation</h3>
        <p> See <a href="http://tinyurl.com/9c75k4c">here</a> for how this looks in classic PMC,
          and <a
            href="http://www.sciencedirect.com/science/article/pii/S0012365X11003372#mmlsi777"
            >here</a> for how it looks on the Elsevier site. </p>
        <div class="disp-formula">
          <math id="M375" altimg="si777.gif" display="block" overflow="scroll">
            <mn>0</mn>
            <mo>≤</mo>
            <mfrac>
              <mrow>
                <mi>m</mi>
                <mrow>
                  <mo>(</mo>
                  <mi>T</mi>
                  <mo>)</mo>
                </mrow>
                <mo>−</mo>
                <mi>m</mi>
                <mrow>
                  <mo>(</mo>
                  <msup>
                    <mrow>
                      <mi>T</mi>
                    </mrow>
                    <mrow>
                      <mo>′</mo>
                    </mrow>
                  </msup>
                  <mo>)</mo>
                </mrow>
              </mrow>
              <mrow>
                <mi>M</mi>
              </mrow>
            </mfrac>
            <mo>=</mo>
            <mstyle mathvariant="normal">
              <mi>K</mi>
            </mstyle>
            <mrow>
              <mo>(</mo>
              <mi>x</mi>
              <mo>+</mo>
              <mi>a</mi>
              <mo>,</mo>
              <msub>
                <mrow>
                  <mi>ρ</mi>
                </mrow>
                <mrow>
                  <mn>1</mn>
                </mrow>
              </msub>
              <mo>,</mo>
              <mo>…</mo>
              <mo>,</mo>
              <msub>
                <mrow>
                  <mi>ρ</mi>
                </mrow>
                <mrow>
                  <mi>k</mi>
                  <mo>−</mo>
                  <mn>1</mn>
                </mrow>
              </msub>
              <mo>,</mo>
              <mi>y</mi>
              <mo>+</mo>
              <mi>b</mi>
              <mo>)</mo>
            </mrow>
            <mo>−</mo>
            <mstyle mathvariant="normal">
              <mi>K</mi>
            </mstyle>
            <mrow>
              <mo>(</mo>
              <mi>y</mi>
              <mo>+</mo>
              <mi>a</mi>
              <mo>,</mo>
              <msub>
                <mrow>
                  <mi>ρ</mi>
                </mrow>
                <mrow>
                  <mn>1</mn>
                </mrow>
              </msub>
              <mo>,</mo>
              <mo>…</mo>
              <mo>,</mo>
              <msub>
                <mrow>
                  <mi>ρ</mi>
                </mrow>
                <mrow>
                  <mi>k</mi>
                  <mo>−</mo>
                  <mn>1</mn>
                </mrow>
              </msub>
              <mo>,</mo>
              <mi>x</mi>
              <mo>+</mo>
              <mi>b</mi>
              <mo>)</mo>
            </mrow>
            <mo>=</mo>
            <mrow>
              <mo>(</mo>
              <mrow>
                <mo>(</mo>
                <mi>x</mi>
                <mo>+</mo>
                <mi>a</mi>
                <mo>)</mo>
              </mrow>
              <mrow>
                <mo>(</mo>
                <mi>y</mi>
                <mo>+</mo>
                <mi>b</mi>
                <mo>)</mo>
              </mrow>
              <mo>−</mo>
              <mrow>
                <mo>(</mo>
                <mi>y</mi>
                <mo>+</mo>
                <mi>a</mi>
                <mo>)</mo>
              </mrow>
              <mrow>
                <mo>(</mo>
                <mi>x</mi>
                <mo>+</mo>
                <mi>b</mi>
                <mo>)</mo>
              </mrow>
              <mo>)</mo>
            </mrow>
            <mstyle mathvariant="normal">
              <mi>K</mi>
            </mstyle>
            <mrow>
              <mo>(</mo>
              <msub>
                <mrow>
                  <mi>ρ</mi>
                </mrow>
                <mrow>
                  <mn>1</mn>
                </mrow>
              </msub>
              <mo>,</mo>
              <mo>…</mo>
              <mo>,</mo>
              <msub>
                <mrow>
                  <mi>ρ</mi>
                </mrow>
                <mrow>
                  <mi>k</mi>
                  <mo>−</mo>
                  <mn>1</mn>
                </mrow>
              </msub>
              <mo>)</mo>
            </mrow>
            <mo>+</mo>
            <mrow>
              <mo>(</mo>
              <mrow>
                <mo>(</mo>
                <mi>x</mi>
                <mo>+</mo>
                <mi>a</mi>
                <mo>)</mo>
              </mrow>
              <mo>−</mo>
              <mrow>
                <mo>(</mo>
                <mi>y</mi>
                <mo>+</mo>
                <mi>a</mi>
                <mo>)</mo>
              </mrow>
              <mo>)</mo>
            </mrow>
            <mstyle mathvariant="normal">
              <mi>K</mi>
            </mstyle>
            <mrow>
              <mo>(</mo>
              <msub>
                <mrow>
                  <mi>ρ</mi>
                </mrow>
                <mrow>
                  <mn>1</mn>
                </mrow>
              </msub>
              <mo>,</mo>
              <mo>…</mo>
              <mo>,</mo>
              <msub>
                <mrow>
                  <mi>ρ</mi>
                </mrow>
                <mrow>
                  <mi>k</mi>
                  <mo>−</mo>
                  <mn>2</mn>
                </mrow>
              </msub>
              <mo>)</mo>
            </mrow>
            <mo>+</mo>
            <mrow>
              <mo>(</mo>
              <mrow>
                <mo>(</mo>
                <mi>y</mi>
                <mo>+</mo>
                <mi>b</mi>
                <mo>)</mo>
              </mrow>
              <mo>−</mo>
              <mrow>
                <mo>(</mo>
                <mi>x</mi>
                <mo>+</mo>
                <mi>b</mi>
                <mo>)</mo>
              </mrow>
              <mo>)</mo>
            </mrow>
            <mstyle mathvariant="normal">
              <mi>K</mi>
            </mstyle>
            <mrow>
              <mo>(</mo>
              <msub>
                <mrow>
                  <mi>ρ</mi>
                </mrow>
                <mrow>
                  <mn>2</mn>
                </mrow>
              </msub>
              <mo>,</mo>
              <mo>…</mo>
              <mo>,</mo>
              <msub>
                <mrow>
                  <mi>ρ</mi>
                </mrow>
                <mrow>
                  <mi>k</mi>
                  <mo>−</mo>
                  <mn>1</mn>
                </mrow>
              </msub>
              <mo>)</mo>
            </mrow>
            <mo>=</mo>
            <mrow>
              <mo>(</mo>
              <mi>x</mi>
              <mo>−</mo>
              <mi>y</mi>
              <mo>)</mo>
            </mrow>
            <mstyle mathvariant="normal">
              <mi>K</mi>
            </mstyle>
            <mrow>
              <mo>(</mo>
              <msub>
                <mrow>
                  <mi>ρ</mi>
                </mrow>
                <mrow>
                  <mn>1</mn>
                </mrow>
              </msub>
              <mo>,</mo>
              <mo>…</mo>
              <mo>,</mo>
              <msub>
                <mrow>
                  <mi>ρ</mi>
                </mrow>
                <mrow>
                  <mi>k</mi>
                  <mo>−</mo>
                  <mn>1</mn>
                </mrow>
              </msub>
              <mo>)</mo>
            </mrow>
            <mrow>
              <mo>(</mo>
              <mi>b</mi>
              <mo>−</mo>
              <mi>a</mi>
              <mo>+</mo>
              <mfrac>
                <mrow>
                  <mstyle mathvariant="normal">
                    <mi>K</mi>
                  </mstyle>
                  <mrow>
                    <mo>(</mo>
                    <msub>
                      <mrow>
                        <mi>ρ</mi>
                      </mrow>
                      <mrow>
                        <mn>1</mn>
                      </mrow>
                    </msub>
                    <mo>,</mo>
                    <mo>…</mo>
                    <mo>,</mo>
                    <msub>
                      <mrow>
                        <mi>ρ</mi>
                      </mrow>
                      <mrow>
                        <mi>k</mi>
                        <mo>−</mo>
                        <mn>2</mn>
                      </mrow>
                    </msub>
                    <mo>)</mo>
                  </mrow>
                </mrow>
                <mrow>
                  <mstyle mathvariant="normal">
                    <mi>K</mi>
                  </mstyle>
                  <mrow>
                    <mo>(</mo>
                    <msub>
                      <mrow>
                        <mi>ρ</mi>
                      </mrow>
                      <mrow>
                        <mn>1</mn>
                      </mrow>
                    </msub>
                    <mo>,</mo>
                    <mo>…</mo>
                    <mo>,</mo>
                    <msub>
                      <mrow>
                        <mi>ρ</mi>
                      </mrow>
                      <mrow>
                        <mi>k</mi>
                        <mo>−</mo>
                        <mn>2</mn>
                      </mrow>
                    </msub>
                    <mo>,</mo>
                    <msub>
                      <mrow>
                        <mi>ρ</mi>
                      </mrow>
                      <mrow>
                        <mi>k</mi>
                        <mo>−</mo>
                        <mn>1</mn>
                      </mrow>
                    </msub>
                    <mo>)</mo>
                  </mrow>
                </mrow>
              </mfrac>
              <mo>−</mo>
              <mfrac>
                <mrow>
                  <mstyle mathvariant="normal">
                    <mi>K</mi>
                  </mstyle>
                  <mrow>
                    <mo>(</mo>
                    <msub>
                      <mrow>
                        <mi>ρ</mi>
                      </mrow>
                      <mrow>
                        <mn>2</mn>
                      </mrow>
                    </msub>
                    <mo>,</mo>
                    <mo>…</mo>
                    <mo>,</mo>
                    <msub>
                      <mrow>
                        <mi>ρ</mi>
                      </mrow>
                      <mrow>
                        <mi>k</mi>
                        <mo>−</mo>
                        <mn>1</mn>
                      </mrow>
                    </msub>
                    <mo>)</mo>
                  </mrow>
                </mrow>
                <mrow>
                  <mstyle mathvariant="normal">
                    <mi>K</mi>
                  </mstyle>
                  <mrow>
                    <mo>(</mo>
                    <msub>
                      <mrow>
                        <mi>ρ</mi>
                      </mrow>
                      <mrow>
                        <mn>1</mn>
                      </mrow>
                    </msub>
                    <mo>,</mo>
                    <msub>
                      <mrow>
                        <mi>ρ</mi>
                      </mrow>
                      <mrow>
                        <mn>2</mn>
                      </mrow>
                    </msub>
                    <mo>,</mo>
                    <mo>…</mo>
                    <mo>,</mo>
                    <msub>
                      <mrow>
                        <mi>ρ</mi>
                      </mrow>
                      <mrow>
                        <mi>k</mi>
                        <mo>−</mo>
                        <mn>1</mn>
                      </mrow>
                    </msub>
                    <mo>)</mo>
                  </mrow>
                </mrow>
              </mfrac>
              <mo>)</mo>
            </mrow>
            <mo>=</mo>
            <mrow>
              <mo>(</mo>
              <mi>x</mi>
              <mo>−</mo>
              <mi>y</mi>
              <mo>)</mo>
            </mrow>
            <mstyle mathvariant="normal">
              <mi>K</mi>
            </mstyle>
            <mrow>
              <mo>(</mo>
              <msub>
                <mrow>
                  <mi>ρ</mi>
                </mrow>
                <mrow>
                  <mn>1</mn>
                </mrow>
              </msub>
              <mo>,</mo>
              <mo>…</mo>
              <mo>,</mo>
              <msub>
                <mrow>
                  <mi>ρ</mi>
                </mrow>
                <mrow>
                  <mi>k</mi>
                  <mo>−</mo>
                  <mn>1</mn>
                </mrow>
              </msub>
              <mo>)</mo>
            </mrow>
            <mrow>
              <mo>(</mo>
              <mi>b</mi>
              <mo>−</mo>
              <mi>a</mi>
              <mo>+</mo>
              <mfrac>
                <mrow>
                  <mn>1</mn>
                </mrow>
                <mrow>
                  <mstyle mathvariant="normal">
                    <mi>CF</mi>
                  </mstyle>
                  <mrow>
                    <mo>(</mo>
                    <msub>
                      <mrow>
                        <mi>ρ</mi>
                      </mrow>
                      <mrow>
                        <mi>k</mi>
                        <mo>−</mo>
                        <mn>1</mn>
                      </mrow>
                    </msub>
                    <mo>,</mo>
                    <mo>…</mo>
                    <mo>,</mo>
                    <msub>
                      <mrow>
                        <mi>ρ</mi>
                      </mrow>
                      <mrow>
                        <mn>1</mn>
                      </mrow>
                    </msub>
                    <mo>)</mo>
                  </mrow>
                </mrow>
              </mfrac>
              <mo>−</mo>
              <mfrac>
                <mrow>
                  <mn>1</mn>
                </mrow>
                <mrow>
                  <mstyle mathvariant="normal">
                    <mi>CF</mi>
                  </mstyle>
                  <mrow>
                    <mo>(</mo>
                    <msub>
                      <mrow>
                        <mi>ρ</mi>
                      </mrow>
                      <mrow>
                        <mn>1</mn>
                      </mrow>
                    </msub>
                    <mo>,</mo>
                    <mo>…</mo>
                    <mo>,</mo>
                    <msub>
                      <mrow>
                        <mi>ρ</mi>
                      </mrow>
                      <mrow>
                        <mi>k</mi>
                        <mo>−</mo>
                        <mn>1</mn>
                      </mrow>
                    </msub>
                    <mo>)</mo>
                  </mrow>
                </mrow>
              </mfrac>
              <mo>)</mo>
            </mrow>
            <mo>=</mo>
            <mrow>
              <mo>(</mo>
              <mi>x</mi>
              <mo>−</mo>
              <mi>y</mi>
              <mo>)</mo>
            </mrow>
            <mstyle mathvariant="normal">
              <mi>K</mi>
            </mstyle>
            <mrow>
              <mo>(</mo>
              <msub>
                <mrow>
                  <mi>ρ</mi>
                </mrow>
                <mrow>
                  <mn>1</mn>
                </mrow>
              </msub>
              <mo>,</mo>
              <mo>…</mo>
              <mo>,</mo>
              <msub>
                <mrow>
                  <mi>ρ</mi>
                </mrow>
                <mrow>
                  <mi>k</mi>
                  <mo>−</mo>
                  <mn>1</mn>
                </mrow>
              </msub>
              <mo>)</mo>
            </mrow>
            <mrow>
              <mo>(</mo>
              <mstyle mathvariant="normal">
                <mi>CF</mi>
              </mstyle>
              <mrow>
                <mo>(</mo>
                <mi>b</mi>
                <mo>,</mo>
                <msub>
                  <mrow>
                    <mi>ρ</mi>
                  </mrow>
                  <mrow>
                    <mi>k</mi>
                    <mo>−</mo>
                    <mn>1</mn>
                  </mrow>
                </msub>
                <mo>,</mo>
                <mo>…</mo>
                <mo>,</mo>
                <msub>
                  <mrow>
                    <mi>ρ</mi>
                  </mrow>
                  <mrow>
                    <mn>1</mn>
                  </mrow>
                </msub>
                <mo>)</mo>
              </mrow>
              <mo>−</mo>
              <mstyle mathvariant="normal">
                <mi>CF</mi>
              </mstyle>
              <mrow>
                <mo>(</mo>
                <mi>a</mi>
                <mo>,</mo>
                <msub>
                  <mrow>
                    <mi>ρ</mi>
                  </mrow>
                  <mrow>
                    <mn>1</mn>
                  </mrow>
                </msub>
                <mo>,</mo>
                <mo>…</mo>
                <mo>,</mo>
                <msub>
                  <mrow>
                    <mi>ρ</mi>
                  </mrow>
                  <mrow>
                    <mi>k</mi>
                    <mo>−</mo>
                    <mn>1</mn>
                  </mrow>
                </msub>
                <mo>)</mo>
              </mrow>
              <mo>)</mo>
            </mrow>
          </math>
        </div>
      </section>

    </article>
  </t:content>
</t:test>
